<?xml version="1.0" encoding="UTF-8"?>
<!-- Generated by org.testng.reporters.JUnitReportReporter -->
<testsuite hostname="DESKTOP-JC5UOC0" failures="0" tests="1" name="com.tutorialsninja.qa.testcases.LaunchBrowser" time="6.458" errors="0" timestamp="2023-04-29T12:52:17 IST" skipped="0">
  <testcase classname="com.tutorialsninja.qa.testcases.LaunchBrowser" name="getPageSource" time="6.458"/>
  <system-out/>
</testsuite> <!-- com.tutorialsninja.qa.testcases.LaunchBrowser -->
